<?xml version="1.0" encoding="UTF-8"?>
<testsuite name="com.kazurayam.directoryutil.CopyDirTest" tests="1" skipped="0" failures="0" errors="0" timestamp="2022-11-17T09:20:33" hostname="KAZUAKInoMacBook-Air-2.local" time="0.046">
  <properties/>
  <testcase name="test_copyDirectory_overwriting()" classname="com.kazurayam.directoryutil.CopyDirTest" time="0.046"/>
  <system-out><![CDATA[]]></system-out>
  <system-err><![CDATA[]]></system-err>
</testsuite>
